

*******************************************************************************
Fri Nov  2 11:43:46 2018


FIT:    data read from "QuickSort.log" using 1:2
        format = x:z
        #datapoints = 181
        residuals are weighted equally (unit weight)

function used for fitting: f(x)
	f(x) = a * x * x + b * x + c
fitted parameters initialized with current variable values

iter      chisq       delta/lim  lambda   a             b             c            
   0 4.0511416290e+17   0.00e+00  2.73e+07    1.000000e+00   1.000000e+00   1.000000e+00
  11 1.4368807347e-05  -5.89e-03  2.73e-04    6.584055e-11   6.292442e-06  -1.235593e-03

After 11 iterations the fit converged.
final sum of squares of residuals : 1.43688e-05
rel. change during last iteration : -5.89211e-08

degrees of freedom    (FIT_NDF)                        : 178
rms of residuals      (FIT_STDFIT) = sqrt(WSSR/ndf)    : 0.000284119
variance of residuals (reduced chisquare) = WSSR/ndf   : 8.07236e-08

Final set of parameters            Asymptotic Standard Error
=======================            ==========================
a               = 6.58406e-11      +/- 3.46e-12     (5.255%)
b               = 6.29244e-06      +/- 3.891e-08    (0.6183%)
c               = -0.00123559      +/- 9.482e-05    (7.674%)

correlation matrix of the fit parameters:
                a      b      c      
a               1.000 
b              -0.978  1.000 
c               0.855 -0.933  1.000 


*******************************************************************************
Fri Nov  2 11:44:40 2018


FIT:    data read from "MergeSort.log" using 1:2
        format = x:z
        #datapoints = 181
        residuals are weighted equally (unit weight)

function used for fitting: f(x)
	f(x) = a * x * x + b * x + c
fitted parameters initialized with current variable values

iter      chisq       delta/lim  lambda   a             b             c            
   0 1.4363892928e-02   0.00e+00  2.22e-02    6.584055e-11   6.292442e-06  -1.235593e-03
   4 1.2508082375e-06  -9.74e-02  2.22e-06    3.267774e-11   4.979199e-06  -5.352016e-04

After 4 iterations the fit converged.
final sum of squares of residuals : 1.25081e-06
rel. change during last iteration : -9.74454e-07

degrees of freedom    (FIT_NDF)                        : 178
rms of residuals      (FIT_STDFIT) = sqrt(WSSR/ndf)    : 8.38273e-05
variance of residuals (reduced chisquare) = WSSR/ndf   : 7.02701e-09

Final set of parameters            Asymptotic Standard Error
=======================            ==========================
a               = 3.26777e-11      +/- 1.021e-12    (3.124%)
b               = 4.9792e-06       +/- 1.148e-08    (0.2305%)
c               = -0.000535202     +/- 2.798e-05    (5.227%)

correlation matrix of the fit parameters:
                a      b      c      
a               1.000 
b              -0.978  1.000 
c               0.855 -0.933  1.000 


*******************************************************************************
Fri Nov 16 11:48:40 2018


FIT:    data read from "MergeSort.log" using 1:2
        format = x:z
        #datapoints = 181
        residuals are weighted equally (unit weight)

function used for fitting: f(x)
	f(x) = a*x*x+b*x+c
fitted parameters initialized with current variable values

iter      chisq       delta/lim  lambda   a             b             c            
   0 4.0511416305e+17   0.00e+00  2.73e+07    1.000000e+00   1.000000e+00   1.000000e+00
  11 1.2508082375e-06  -6.76e-02  2.73e-04    3.267774e-11   4.979199e-06  -5.352016e-04

After 11 iterations the fit converged.
final sum of squares of residuals : 1.25081e-06
rel. change during last iteration : -6.75917e-07

degrees of freedom    (FIT_NDF)                        : 178
rms of residuals      (FIT_STDFIT) = sqrt(WSSR/ndf)    : 8.38273e-05
variance of residuals (reduced chisquare) = WSSR/ndf   : 7.02701e-09

Final set of parameters            Asymptotic Standard Error
=======================            ==========================
a               = 3.26777e-11      +/- 1.021e-12    (3.124%)
b               = 4.9792e-06       +/- 1.148e-08    (0.2305%)
c               = -0.000535202     +/- 2.798e-05    (5.227%)

correlation matrix of the fit parameters:
                a      b      c      
a               1.000 
b              -0.978  1.000 
c               0.855 -0.933  1.000 


*******************************************************************************
Fri Nov 16 11:49:50 2018


FIT:    data read from "MergeSort.log" using 1:3
        format = x:z
        #datapoints = 181
        residuals are weighted equally (unit weight)

function used for fitting: f(x)
	f(x) = a*x*x+b*x+c
fitted parameters initialized with current variable values

iter      chisq       delta/lim  lambda   a             b             c            
   0 8.9893621992e+11   0.00e+00  1.75e-02    3.267774e-11   4.979199e-06  -5.352016e-04
   5 4.0537039585e+06  -6.14e-07  1.75e-07    1.482423e-04   1.086969e+01  -2.835819e+03

After 5 iterations the fit converged.
final sum of squares of residuals : 4.0537e+06
rel. change during last iteration : -6.1395e-12

degrees of freedom    (FIT_NDF)                        : 178
rms of residuals      (FIT_STDFIT) = sqrt(WSSR/ndf)    : 150.909
variance of residuals (reduced chisquare) = WSSR/ndf   : 22773.6

Final set of parameters            Asymptotic Standard Error
=======================            ==========================
a               = 0.000148242      +/- 1.838e-06    (1.24%)
b               = 10.8697          +/- 0.02066      (0.1901%)
c               = -2835.82         +/- 50.36        (1.776%)

correlation matrix of the fit parameters:
                a      b      c      
a               1.000 
b              -0.978  1.000 
c               0.855 -0.933  1.000 


*******************************************************************************
Fri Nov 16 11:51:16 2018


FIT:    data read from "MergeSort.log" using 1:3
        format = x:z
        #datapoints = 181
        residuals are weighted equally (unit weight)

function used for fitting: f(x)
	f(x) = a*xlog(x)+b*x+c
fitted parameters initialized with current variable values



*******************************************************************************
Fri Nov 16 11:51:28 2018


FIT:    data read from "MergeSort.log" using 1:3
        format = x:z
        #datapoints = 181
        residuals are weighted equally (unit weight)

function used for fitting: f(x)
	f(x) = a*x*log(x)+b*x+c
fitted parameters initialized with current variable values

iter      chisq       delta/lim  lambda   a             b             c            
   0 8.8846569471e+09   0.00e+00  3.82e+04    1.482423e-04   1.086969e+01  -2.835819e+03
   8 2.7436877168e+05  -2.58e-01  3.82e-04    1.441219e+00  -1.236225e+00   2.339221e+00

After 8 iterations the fit converged.
final sum of squares of residuals : 274369
rel. change during last iteration : -2.57625e-06

degrees of freedom    (FIT_NDF)                        : 178
rms of residuals      (FIT_STDFIT) = sqrt(WSSR/ndf)    : 39.2606
variance of residuals (reduced chisquare) = WSSR/ndf   : 1541.4

Final set of parameters            Asymptotic Standard Error
=======================            ==========================
a               = 1.44122          +/- 0.00459      (0.3185%)
b               = -1.23622         +/- 0.04376      (3.54%)
c               = 2.33922          +/- 21.22        (907%)

correlation matrix of the fit parameters:
                a      b      c      
a               1.000 
b              -1.000  1.000 
c               0.947 -0.954  1.000 


*******************************************************************************
Fri Nov 16 11:57:17 2018


FIT:    data read from "MergeSort.log" using 1:2
        format = x:z
        #datapoints = 181
        residuals are weighted equally (unit weight)

function used for fitting: f(x)
	f(x) = a*x*log(x)+b*x+c
fitted parameters initialized with current variable values

iter      chisq       delta/lim  lambda   a             b             c            
   0 8.9893594555e+11   0.00e+00  4.52e+04    1.441219e+00  -1.236225e+00   2.339221e+00
   8 1.1257180366e-06  -6.25e-01  4.52e-04    3.164326e-07   2.322665e-06   8.490124e-05

After 8 iterations the fit converged.
final sum of squares of residuals : 1.12572e-06
rel. change during last iteration : -6.25058e-06

degrees of freedom    (FIT_NDF)                        : 178
rms of residuals      (FIT_STDFIT) = sqrt(WSSR/ndf)    : 7.95252e-05
variance of residuals (reduced chisquare) = WSSR/ndf   : 6.32426e-09

Final set of parameters            Asymptotic Standard Error
=======================            ==========================
a               = 3.16433e-07      +/- 9.297e-09    (2.938%)
b               = 2.32267e-06      +/- 8.864e-08    (3.816%)
c               = 8.49012e-05      +/- 4.298e-05    (50.62%)

correlation matrix of the fit parameters:
                a      b      c      
a               1.000 
b              -1.000  1.000 
c               0.947 -0.954  1.000 


*******************************************************************************
Fri Nov 16 11:58:43 2018


FIT:    data read from "MergeSort.log" using 1:3
        format = x:z
        #datapoints = 181
        residuals are weighted equally (unit weight)

function used for fitting: f(x)
	f(x) = a*x*log(x)+b*x+c
fitted parameters initialized with current variable values

iter      chisq       delta/lim  lambda   a             b             c            
   0 8.9893621991e+11   0.00e+00  1.28e-02    3.164326e-07   2.322665e-06   8.490124e-05
   5 2.7436877168e+05  -6.18e-03  1.28e-07    1.441219e+00  -1.236225e+00   2.339220e+00

After 5 iterations the fit converged.
final sum of squares of residuals : 274369
rel. change during last iteration : -6.18145e-08

degrees of freedom    (FIT_NDF)                        : 178
rms of residuals      (FIT_STDFIT) = sqrt(WSSR/ndf)    : 39.2606
variance of residuals (reduced chisquare) = WSSR/ndf   : 1541.4

Final set of parameters            Asymptotic Standard Error
=======================            ==========================
a               = 1.44122          +/- 0.00459      (0.3185%)
b               = -1.23622         +/- 0.04376      (3.54%)
c               = 2.33922          +/- 21.22        (907%)

correlation matrix of the fit parameters:
                a      b      c      
a               1.000 
b              -1.000  1.000 
c               0.947 -0.954  1.000 


*******************************************************************************
Fri Nov 16 12:08:19 2018


FIT:    data read from "MergeSort.log" using 1:3
        format = x:z
        #datapoints = 181
        residuals are weighted equally (unit weight)

function used for fitting: f(x)
	f(x) = a*x*log(x)+b*x+c
fitted parameters initialized with current variable values

iter      chisq       delta/lim  lambda   a             b             c            
   0 1.9140065961e+10   0.00e+00  3.14e+04    1.000000e+00   1.000000e+00   1.000000e+00
   7 2.7436877168e+05  -9.72e-04  3.14e-03    1.441219e+00  -1.236225e+00   2.339217e+00

After 7 iterations the fit converged.
final sum of squares of residuals : 274369
rel. change during last iteration : -9.71877e-09

degrees of freedom    (FIT_NDF)                        : 178
rms of residuals      (FIT_STDFIT) = sqrt(WSSR/ndf)    : 39.2606
variance of residuals (reduced chisquare) = WSSR/ndf   : 1541.4

Final set of parameters            Asymptotic Standard Error
=======================            ==========================
a               = 1.44122          +/- 0.00459      (0.3185%)
b               = -1.23622         +/- 0.04376      (3.54%)
c               = 2.33922          +/- 21.22        (907%)

correlation matrix of the fit parameters:
                a      b      c      
a               1.000 
b              -1.000  1.000 
c               0.947 -0.954  1.000 


*******************************************************************************
Fri Nov 16 12:11:15 2018


FIT:    data read from "QuickSort.log" using 1:3
        format = x:z
        #datapoints = 181
        residuals are weighted equally (unit weight)

function used for fitting: f(x)
	f(x) = a*x*log(x)+b*x+c
fitted parameters initialized with current variable values

iter      chisq       delta/lim  lambda   a             b             c            
   0 7.6207630685e+10   0.00e+00  4.52e+04    1.441219e+00  -1.236225e+00   2.339217e+00
   7 2.5591056284e+07  -5.61e-03  4.52e-03    2.023852e+00  -3.063723e+00   1.182224e+02

After 7 iterations the fit converged.
final sum of squares of residuals : 2.55911e+07
rel. change during last iteration : -5.61344e-08

degrees of freedom    (FIT_NDF)                        : 178
rms of residuals      (FIT_STDFIT) = sqrt(WSSR/ndf)    : 379.17
variance of residuals (reduced chisquare) = WSSR/ndf   : 143770

Final set of parameters            Asymptotic Standard Error
=======================            ==========================
a               = 2.02385          +/- 0.04433      (2.19%)
b               = -3.06372         +/- 0.4226       (13.79%)
c               = 118.222          +/- 204.9        (173.3%)

correlation matrix of the fit parameters:
                a      b      c      
a               1.000 
b              -1.000  1.000 
c               0.947 -0.954  1.000 


*******************************************************************************
Fri Nov 16 12:13:13 2018


FIT:    data read from "QuickSort.log" using 1:2
        format = x:z
        #datapoints = 181
        residuals are weighted equally (unit weight)

function used for fitting: f(x)
	f(x) = a*x*log(x)+b*x+c
fitted parameters initialized with current variable values

iter      chisq       delta/lim  lambda   a             b             c            
   0 1.4984541239e+12   0.00e+00  6.41e+04    2.023852e+00  -3.063723e+00   1.182224e+02
   7 1.3059528972e-05  -1.22e-04  6.41e-03    6.460949e-07   8.586145e-07   5.117969e-05

After 7 iterations the fit converged.
final sum of squares of residuals : 1.30595e-05
rel. change during last iteration : -1.21549e-09

degrees of freedom    (FIT_NDF)                        : 178
rms of residuals      (FIT_STDFIT) = sqrt(WSSR/ndf)    : 0.000270866
variance of residuals (reduced chisquare) = WSSR/ndf   : 7.33681e-08

Final set of parameters            Asymptotic Standard Error
=======================            ==========================
a               = 6.46095e-07      +/- 3.166e-08    (4.901%)
b               = 8.58615e-07      +/- 3.019e-07    (35.16%)
c               = 5.11797e-05      +/- 0.0001464    (286%)

correlation matrix of the fit parameters:
                a      b      c      
a               1.000 
b              -1.000  1.000 
c               0.947 -0.954  1.000 
