1000	0.004547	8708.97	8670	8750
1050	0.004752	9218.31	9180	9276
1100	0.005016	9738.59	9703	9793
1150	0.005253	10256.12	10208	10321
1200	0.005665	10779.57	10729	10828
1250	0.005882	11304.49	11245	11361
1300	0.005974	11832.02	11774	11890
1350	0.006314	12363.83	12314	12412
1400	0.006660	12896.88	12854	12957
1450	0.006731	13428.44	13379	13461
1500	0.007044	13961.12	13905	14012
1550	0.007363	14502.14	14456	14566
1600	0.007423	15041.71	14977	15102
1650	0.007832	15578.87	15517	15634
1700	0.008101	16125.93	16077	16190
1750	0.008333	16675.00	16617	16736
1800	0.008634	17220.59	17152	17287
1850	0.008726	17760.59	17679	17811
1900	0.009124	18312.82	18257	18401
1950	0.009259	18863.32	18794	18914
2000	0.009612	19412.57	19333	19485
2050	0.009725	19961.55	19908	20027
2100	0.010049	20533.97	20463	20598
2150	0.010234	21101.09	21034	21152
2200	0.010571	21670.50	21595	21728
2250	0.010730	22248.15	22196	22306
2300	0.011095	22818.64	22745	22885
2350	0.011277	23391.82	23327	23455
2400	0.011566	23961.11	23889	24037
2450	0.011849	24534.79	24479	24610
2500	0.012061	25113.53	25046	25163
2550	0.012359	25684.71	25614	25768
2600	0.012596	26266.12	26190	26333
2650	0.012802	26846.21	26782	26911
2700	0.013131	27429.42	27367	27496
2750	0.013394	28006.92	27939	28080
2800	0.013631	28589.67	28511	28669
2850	0.013961	29171.66	29071	29234
2900	0.014119	29755.99	29656	29822
2950	0.014473	30331.93	30250	30395
3000	0.014731	30919.21	30841	31010
3050	0.014962	31501.09	31414	31606
3100	0.015142	32095.93	32028	32168
3150	0.015455	32684.44	32603	32796
3200	0.015662	33281.92	33211	33359
3250	0.015904	33869.30	33792	33955
3300	0.016178	34472.76	34399	34562
3350	0.016445	35052.06	34962	35142
3400	0.016693	35654.27	35591	35737
3450	0.016959	36246.80	36162	36342
3500	0.017188	36840.89	36725	36925
3550	0.017440	37431.83	37340	37516
3600	0.017769	38033.57	37939	38140
3650	0.017990	38632.62	38563	38710
3700	0.018201	39228.01	39146	39304
3750	0.018497	39827.50	39720	39912
3800	0.018791	40428.05	40330	40507
3850	0.019077	41020.09	40941	41107
3900	0.019406	41625.26	41558	41692
3950	0.019659	42225.79	42144	42324
4000	0.019731	42819.87	42717	42905
4050	0.020063	43424.84	43349	43525
4100	0.020383	44022.36	43927	44116
4150	0.020726	44643.57	44551	44730
4200	0.020906	45261.45	45179	45335
4250	0.021162	45887.48	45793	45989
4300	0.021462	46508.83	46424	46594
4350	0.021704	47127.86	47043	47224
4400	0.022020	47748.32	47659	47833
4450	0.022308	48372.56	48265	48491
4500	0.022544	48992.75	48868	49073
4550	0.022726	49614.14	49505	49720
4600	0.023013	50239.00	50139	50337
4650	0.023312	50856.16	50734	50936
4700	0.023561	51478.06	51380	51582
4750	0.023818	52098.39	51989	52190
4800	0.024118	52726.71	52639	52832
4850	0.024316	53350.78	53233	53440
4900	0.024636	53984.37	53869	54078
4950	0.024931	54607.29	54502	54708
5000	0.025163	55231.14	55133	55345
5050	0.025417	55854.18	55756	55956
5100	0.025661	56471.41	56357	56592
5150	0.025971	57104.48	57003	57185
5200	0.026263	57730.87	57649	57835
5250	0.026525	58359.46	58236	58461
5300	0.026898	58996.82	58894	59069
5350	0.027138	59627.74	59519	59736
5400	0.027287	60250.49	60130	60357
5450	0.027601	60884.75	60785	60983
5500	0.027915	61527.63	61406	61633
5550	0.028120	62144.85	62027	62268
5600	0.028425	62775.58	62633	62871
5650	0.028594	63418.41	63291	63512
5700	0.028912	64039.15	63883	64164
5750	0.029176	64669.36	64532	64795
5800	0.029468	65299.85	65182	65386
5850	0.029831	65941.67	65810	66119
5900	0.030100	66578.01	66484	66710
5950	0.030337	67214.79	67122	67327
6000	0.030601	67847.91	67738	67980
6050	0.030890	68469.57	68359	68617
6100	0.031073	69105.42	69009	69211
6150	0.031350	69739.00	69654	69828
6200	0.031639	70379.80	70257	70457
6250	0.031906	71035.81	70890	71144
6300	0.032257	71663.48	71550	71757
6350	0.032484	72309.84	72191	72441
6400	0.032817	72962.92	72855	73093
6450	0.033125	73596.44	73461	73739
6500	0.033380	74240.90	74098	74359
6550	0.033615	74882.17	74742	74984
6600	0.033900	75526.02	75418	75667
6650	0.034087	76159.12	76020	76296
6700	0.034420	76816.43	76710	76985
6750	0.034632	77470.38	77353	77618
6800	0.034899	78106.99	78002	78228
6850	0.035183	78752.20	78636	78850
6900	0.035515	79401.80	79298	79536
6950	0.035786	80034.56	79888	80164
7000	0.035962	80674.12	80574	80792
7050	0.036191	81322.79	81177	81441
7100	0.036537	81966.35	81843	82099
7150	0.036710	82614.58	82510	82722
7200	0.036946	83258.33	83155	83354
7250	0.037179	83913.59	83758	84038
7300	0.037518	84562.92	84439	84679
7350	0.037766	85208.87	85091	85328
7400	0.038026	85856.65	85739	85965
7450	0.038268	86500.04	86363	86593
7500	0.038610	87158.02	87052	87268
7550	0.038883	87801.55	87673	87937
7600	0.039255	88452.01	88311	88593
7650	0.039395	89102.17	88946	89229
7700	0.039654	89738.24	89615	89873
7750	0.040042	90394.87	90283	90537
7800	0.040380	91057.07	90921	91176
7850	0.040541	91693.18	91592	91815
7900	0.040782	92350.30	92236	92450
7950	0.041131	92998.33	92847	93093
8000	0.041338	93642.12	93532	93775
8050	0.041517	94291.04	94161	94407
8100	0.041982	94941.85	94794	95102
8150	0.042412	95594.38	95456	95693
8200	0.042462	96243.95	96129	96352
8250	0.042642	96915.71	96806	97065
8300	0.043001	97588.94	97458	97703
8350	0.043200	98266.77	98166	98383
8400	0.043513	98925.56	98824	99043
8450	0.043677	99590.86	99469	99720
8500	0.043974	100275.74	100126	100469
8550	0.044372	100933.23	100804	101053
8600	0.044662	101601.65	101482	101749
8650	0.044801	102276.01	102123	102420
8700	0.045382	102952.65	102844	103082
8750	0.045479	103620.25	103482	103746
8800	0.046074	104290.39	104160	104428
8850	0.045994	104966.88	104869	105094
8900	0.046460	105634.77	105491	105773
8950	0.046555	106303.62	106154	106445
9000	0.046793	106971.28	106848	107087
9050	0.047101	107654.21	107528	107802
9100	0.047387	108324.25	108188	108462
9150	0.047760	108993.63	108860	109116
9200	0.048112	109659.98	109518	109828
9250	0.048468	110344.51	110155	110471
9300	0.048717	111023.04	110916	111180
9350	0.048857	111682.78	111528	111797
9400	0.049117	112370.51	112245	112498
9450	0.049531	113031.77	112863	113139
9500	0.049765	113718.96	113558	113868
9550	0.049948	114379.62	114285	114495
9600	0.050292	115057.21	114937	115178
9650	0.050648	115733.44	115572	115848
9700	0.050842	116403.51	116281	116559
9750	0.050975	117091.57	116967	117253
9800	0.051437	117749.44	117588	117841
9850	0.051538	118424.02	118276	118550
9900	0.051953	119102.04	118989	119266
9950	0.052288	119772.19	119647	119909
10000	0.052588	120454.77	120324	120563
