1000	0.005485	10938.38	9808	12636
1050	0.005665	11638.39	10544	13765
1100	0.006002	12276.37	10658	15172
1150	0.006304	12925.10	11715	14964
1200	0.006580	13608.23	12370	15725
1250	0.006827	14145.70	12983	16549
1300	0.007189	15002.56	13295	17164
1350	0.007591	15780.21	14168	19275
1400	0.007780	16319.20	14750	19184
1450	0.008069	16985.46	15282	19650
1500	0.008402	17539.86	15711	20250
1550	0.008753	18400.07	16704	20668
1600	0.009060	18950.53	17197	21637
1650	0.009345	19764.52	17806	23114
1700	0.009657	20487.94	18585	23588
1750	0.009985	21077.50	19055	25436
1800	0.010382	22103.80	19680	26628
1850	0.010696	22734.47	20269	28144
1900	0.010959	23251.78	20998	27457
1950	0.011286	23977.30	21812	28418
2000	0.011626	24975.27	22486	28742
2050	0.011995	25719.03	23188	30333
2100	0.012325	26144.13	24161	30258
2150	0.012681	26950.00	24614	33200
2200	0.012859	27491.61	25145	31310
2250	0.013167	28337.36	25498	33152
2300	0.013349	28834.02	26374	33917
2350	0.013915	29777.52	27068	33754
2400	0.014099	30683.98	27872	35755
2450	0.014411	31229.39	27988	35619
2500	0.014851	32259.68	29077	37794
2550	0.015256	33013.12	29772	38891
2600	0.015438	33422.57	30272	40782
2650	0.015964	34445.13	31342	39199
2700	0.016167	35133.83	31742	39697
2750	0.016324	35575.04	31914	41119
2800	0.016822	36371.60	33125	43738
2850	0.016983	37019.18	34021	42348
2900	0.017564	38371.95	34050	44429
2950	0.017817	39002.32	36016	43570
3000	0.018104	39591.79	36054	45702
3050	0.018304	40169.54	36404	45177
3100	0.018808	40991.65	37320	50694
3150	0.019162	41826.74	38524	48647
3200	0.019575	42886.45	39155	52848
3250	0.019912	43412.61	39286	49209
3300	0.020193	44318.83	40133	52922
3350	0.020306	44668.49	40899	51030
3400	0.020645	45453.43	41574	52743
3450	0.021280	46806.74	42503	54945
3500	0.021824	47715.14	42326	56896
3550	0.021923	48272.41	45192	54599
3600	0.022213	48939.79	44120	54951
3650	0.022621	49703.92	44917	56700
3700	0.022851	50473.47	45994	59465
3750	0.023223	51343.08	46674	58759
3800	0.023508	52011.44	46961	57882
3850	0.023690	52441.76	47330	61055
3900	0.024207	53301.98	48714	61802
3950	0.024360	54162.47	49158	60992
4000	0.025148	55118.87	50557	63770
4050	0.025212	55741.20	51006	65741
4100	0.025602	56675.94	51810	66660
4150	0.025791	56959.12	51914	64923
4200	0.026217	57930.15	53925	63080
4250	0.026485	58437.85	53266	65959
4300	0.026963	59826.54	55349	73741
4350	0.027597	61162.97	55824	67015
4400	0.027441	61091.18	56705	68591
4450	0.028171	62026.65	55973	71658
4500	0.028420	63500.38	57942	75229
4550	0.028565	63523.65	59126	73225
4600	0.029060	64551.47	60221	71195
4650	0.029307	65463.50	60243	72742
4700	0.029585	65875.39	60983	73072
4750	0.029976	66568.39	61833	75134
4800	0.030094	66972.14	61561	78262
4850	0.030653	68338.11	62825	78710
4900	0.031004	69523.04	63921	81838
4950	0.031501	70128.73	64196	77630
5000	0.031937	70826.75	65320	83889
5050	0.032035	71827.79	66956	82936
5100	0.032610	73069.24	65036	81231
5150	0.033040	73612.32	68543	83618
5200	0.033113	74325.63	66772	86598
5250	0.033569	74979.62	69152	84545
5300	0.033900	75520.24	69445	84439
5350	0.034443	76301.94	69953	89768
5400	0.034737	77410.22	71335	89780
5450	0.035015	78991.46	72832	89053
5500	0.035457	79856.71	72972	88356
5550	0.035719	80201.09	74055	91869
5600	0.035912	80702.21	74721	93599
5650	0.036562	82180.36	75176	95229
5700	0.037124	82823.30	74410	98458
5750	0.036956	83006.09	76875	91086
5800	0.037468	83948.18	75767	99524
5850	0.038059	84899.11	77882	96638
5900	0.038362	86137.94	77317	99916
5950	0.038374	86077.62	79608	99242
6000	0.039129	87180.73	80383	97875
6050	0.039168	88693.60	82497	100989
6100	0.040209	89040.69	81515	99412
6150	0.040092	89467.87	82384	101192
6200	0.041595	90723.04	81937	100136
6250	0.040842	91754.28	84251	100719
6300	0.040972	92067.27	85319	103144
6350	0.041717	94165.58	86003	105727
6400	0.041941	94252.19	86408	107534
6450	0.041860	94348.72	87419	103457
6500	0.041921	95377.99	87535	112714
6550	0.042556	95600.54	88578	110909
6600	0.043286	97990.84	89009	113040
6650	0.043553	98181.25	91458	108620
6700	0.043910	98802.56	91344	108919
6750	0.044285	99521.27	91210	121648
6800	0.044521	100758.17	92958	116415
6850	0.044842	100941.99	93628	116717
6900	0.045019	101713.01	91492	120011
6950	0.045690	103848.13	96131	116844
7000	0.046555	104420.75	95810	119357
7050	0.046600	104935.73	97207	117957
7100	0.046956	105391.42	98758	124377
7150	0.047398	106400.22	97161	115047
7200	0.047746	107957.10	98219	121614
7250	0.047604	108038.51	98951	124418
7300	0.048229	108779.96	100896	120916
7350	0.048868	110661.85	100669	124553
7400	0.049450	111241.62	102253	129571
7450	0.049184	111117.79	104482	126001
7500	0.049914	112076.23	103620	126541
7550	0.050126	113738.16	105110	130789
7600	0.049963	114443.60	104337	127378
7650	0.050624	114601.42	106486	126772
7700	0.050921	115329.07	106262	127672
7750	0.051473	116929.12	108563	133711
7800	0.052093	117820.90	109531	133386
7850	0.052468	118951.38	110177	145210
7900	0.052712	119921.33	112174	137976
7950	0.052860	120133.14	111242	133379
8000	0.053462	121295.66	109823	136369
8050	0.053756	122597.04	112396	137554
8100	0.054137	122584.72	113876	133373
8150	0.054093	123126.78	114356	141085
8200	0.054842	124737.10	114899	137459
8250	0.055107	125188.37	114498	154387
8300	0.055811	126077.79	116341	140090
8350	0.055916	127530.60	117465	147726
8400	0.056564	128566.16	120480	146779
8450	0.056430	128449.26	118708	142228
8500	0.057197	129545.79	120058	150099
8550	0.057264	130096.17	119905	149434
8600	0.057465	131224.67	119350	150883
8650	0.058022	132471.32	121703	149879
8700	0.058142	132917.05	123357	146413
8750	0.059004	134413.85	123767	148702
8800	0.059034	134876.83	125437	154631
8850	0.059470	135506.98	123333	149430
8900	0.059932	136290.10	123531	153782
8950	0.060219	136770.82	124955	154828
9000	0.060120	137467.43	125624	159122
9050	0.061072	139193.41	128329	153997
9100	0.061464	140279.25	130138	155006
9150	0.062797	140459.18	129877	158523
9200	0.062741	141590.96	132588	154544
9250	0.062199	142505.39	131552	160402
9300	0.064787	144636.70	133655	162752
9350	0.063737	145599.48	132693	165180
9400	0.063587	145521.91	135443	161264
9450	0.064212	146931.34	135082	170250
9500	0.064587	147691.39	133893	166788
9550	0.065499	149151.14	137821	168602
9600	0.064740	148630.20	135870	168340
9650	0.065049	149317.78	139284	174410
9700	0.065725	150334.60	138258	169441
9750	0.066024	150815.41	140873	166890
9800	0.066196	152745.05	141219	173623
9850	0.067063	154083.24	142678	177430
9900	0.066959	153336.14	143043	169448
9950	0.067583	155280.60	145179	176510
10000	0.067929	156000.39	142326	177129
