

*******************************************************************************
Tue Oct  9 17:28:44 2018


FIT:    data read from "ejercicio5.log" using 1:2
        format = x:z
        #datapoints = 10
        residuals are weighted equally (unit weight)

function used for fitting: f(x)
	f(x) = a * x * x + b * x + c
BREAK: Need via and either parameter list or file

*******************************************************************************
Tue Oct  9 17:28:52 2018


FIT:    data read from "ejercicio5.log" using 1:2
        format = x:z
        #datapoints = 10
        residuals are weighted equally (unit weight)

function used for fitting: f(x)
	f(x) = a * x * x + b * x + c
fitted parameters initialized with current variable values

iter      chisq       delta/lim  lambda   a             b             c            
   0 2.5339048414e+16   0.00e+00  2.91e+07    1.000000e+00   1.000000e+00   1.000000e+00
  11 2.1155470284e-02  -3.81e-02  2.91e-04    5.849908e-08  -4.455945e-05   5.996573e-02

After 11 iterations the fit converged.
final sum of squares of residuals : 0.0211555
rel. change during last iteration : -3.80614e-07

degrees of freedom    (FIT_NDF)                        : 7
rms of residuals      (FIT_STDFIT) = sqrt(WSSR/ndf)    : 0.0549746
variance of residuals (reduced chisquare) = WSSR/ndf   : 0.00302221

Final set of parameters            Asymptotic Standard Error
=======================            ==========================
a               = 5.84991e-08      +/- 2.392e-09    (4.09%)
b               = -4.45594e-05     +/- 2.7e-05      (60.6%)
c               = 0.0599657        +/- 0.06466      (107.8%)

correlation matrix of the fit parameters:
                a      b      c      
a               1.000 
b              -0.975  1.000 
c               0.814 -0.909  1.000 


*******************************************************************************
Tue Oct  9 17:32:47 2018


FIT:    data read from "ejercicio6.log" using 1:2
        format = x:z
        x range restricted to [1000.00 : 10000.0]
        #datapoints = 10
        residuals are weighted equally (unit weight)

function used for fitting: f(x)
	f(x) = a * x * x + b * x + c
fitted parameters initialized with current variable values

iter      chisq       delta/lim  lambda   a             b             c            
   0 1.0545802569e-01   0.00e+00  1.71e+00    5.849908e-08  -4.455945e-05   5.996573e-02
   5 1.7381723849e-03  -7.13e-03  1.71e-05    5.145761e-08   7.345703e-06  -3.078000e-03

After 5 iterations the fit converged.
final sum of squares of residuals : 0.00173817
rel. change during last iteration : -7.13165e-08

degrees of freedom    (FIT_NDF)                        : 7
rms of residuals      (FIT_STDFIT) = sqrt(WSSR/ndf)    : 0.0157579
variance of residuals (reduced chisquare) = WSSR/ndf   : 0.00024831

Final set of parameters            Asymptotic Standard Error
=======================            ==========================
a               = 5.14576e-08      +/- 6.858e-10    (1.333%)
b               = 7.3457e-06       +/- 7.74e-06     (105.4%)
c               = -0.003078        +/- 0.01853      (602.1%)

correlation matrix of the fit parameters:
                a      b      c      
a               1.000 
b              -0.975  1.000 
c               0.814 -0.909  1.000 


*******************************************************************************
Tue Oct  9 17:35:30 2018


FIT:    data read from "ejercicio6.log" using 1:2
        format = x:z
        #datapoints = 10
        residuals are weighted equally (unit weight)

function used for fitting: f(x)
	f(x) = a * x * x + b * x + c
fitted parameters initialized with current variable values

iter      chisq       delta/lim  lambda   a             b             c            
   0 2.5339048506e+16   0.00e+00  2.91e+07    1.000000e+00   1.000000e+00   1.000000e+00
  11 1.7381723849e-03  -5.27e-01  2.91e-04    5.145761e-08   7.345703e-06  -3.077999e-03

After 11 iterations the fit converged.
final sum of squares of residuals : 0.00173817
rel. change during last iteration : -5.27496e-06

degrees of freedom    (FIT_NDF)                        : 7
rms of residuals      (FIT_STDFIT) = sqrt(WSSR/ndf)    : 0.0157579
variance of residuals (reduced chisquare) = WSSR/ndf   : 0.00024831

Final set of parameters            Asymptotic Standard Error
=======================            ==========================
a               = 5.14576e-08      +/- 6.858e-10    (1.333%)
b               = 7.3457e-06       +/- 7.74e-06     (105.4%)
c               = -0.003078        +/- 0.01853      (602.1%)

correlation matrix of the fit parameters:
                a      b      c      
a               1.000 
b              -0.975  1.000 
c               0.814 -0.909  1.000 


*******************************************************************************
Tue Oct  9 17:45:35 2018


FIT:    data read from "ejercicio5.log" using 1:2
        format = x:z
        #datapoints = 10
        residuals are weighted equally (unit weight)

function used for fitting: f(x)
	f(x) = a * x * x + b * x + c
fitted parameters initialized with current variable values

iter      chisq       delta/lim  lambda   a             b             c            
   0 2.5339048499e+16   0.00e+00  2.91e+07    1.000000e+00   1.000000e+00   1.000000e+00
  11 7.8600598257e-03  -1.29e-01  2.91e-04    4.880663e-08   3.707390e-05  -5.375632e-02

After 11 iterations the fit converged.
final sum of squares of residuals : 0.00786006
rel. change during last iteration : -1.2874e-06

degrees of freedom    (FIT_NDF)                        : 7
rms of residuals      (FIT_STDFIT) = sqrt(WSSR/ndf)    : 0.0335092
variance of residuals (reduced chisquare) = WSSR/ndf   : 0.00112287

Final set of parameters            Asymptotic Standard Error
=======================            ==========================
a               = 4.88066e-08      +/- 1.458e-09    (2.988%)
b               = 3.70739e-05      +/- 1.646e-05    (44.4%)
c               = -0.0537563       +/- 0.03941      (73.32%)

correlation matrix of the fit parameters:
                a      b      c      
a               1.000 
b              -0.975  1.000 
c               0.814 -0.909  1.000 
